mode: atomic
github.com/containrrr/shoutrrr/pkg/plugins/smtp/smtp_config.go:29.40,40.2 1 1
github.com/containrrr/shoutrrr/pkg/plugins/smtp/smtp_config.go:42.49,46.16 4 3
github.com/containrrr/shoutrrr/pkg/plugins/smtp/smtp_config.go:49.2,56.37 6 3
github.com/containrrr/shoutrrr/pkg/plugins/smtp/smtp_config.go:63.2,63.33 1 3
github.com/containrrr/shoutrrr/pkg/plugins/smtp/smtp_config.go:67.2,67.33 1 2
github.com/containrrr/shoutrrr/pkg/plugins/smtp/smtp_config.go:71.2,71.12 1 1
github.com/containrrr/shoutrrr/pkg/plugins/smtp/smtp_config.go:46.16,48.3 1 0
github.com/containrrr/shoutrrr/pkg/plugins/smtp/smtp_config.go:56.37,58.51 1 9
github.com/containrrr/shoutrrr/pkg/plugins/smtp/smtp_config.go:58.51,60.4 1 0
github.com/containrrr/shoutrrr/pkg/plugins/smtp/smtp_config.go:63.33,65.3 1 1
github.com/containrrr/shoutrrr/pkg/plugins/smtp/smtp_config.go:67.33,69.3 1 1
github.com/containrrr/shoutrrr/pkg/plugins/smtp/smtp_config.go:74.46,84.2 1 1
github.com/containrrr/shoutrrr/pkg/plugins/smtp/smtp_config.go:86.55,87.13 1 7
github.com/containrrr/shoutrrr/pkg/plugins/smtp/smtp_config.go:103.2,103.56 1 0
github.com/containrrr/shoutrrr/pkg/plugins/smtp/smtp_config.go:88.21,89.33 1 1
github.com/containrrr/shoutrrr/pkg/plugins/smtp/smtp_config.go:90.18,91.30 1 1
github.com/containrrr/shoutrrr/pkg/plugins/smtp/smtp_config.go:92.21,93.52 1 1
github.com/containrrr/shoutrrr/pkg/plugins/smtp/smtp_config.go:94.14,95.35 1 1
github.com/containrrr/shoutrrr/pkg/plugins/smtp/smtp_config.go:96.17,97.29 1 1
github.com/containrrr/shoutrrr/pkg/plugins/smtp/smtp_config.go:98.18,99.51 1 1
github.com/containrrr/shoutrrr/pkg/plugins/smtp/smtp_config.go:100.17,101.47 1 1
github.com/containrrr/shoutrrr/pkg/plugins/smtp/smtp_config.go:106.59,107.13 1 9
github.com/containrrr/shoutrrr/pkg/plugins/smtp/smtp_config.go:125.2,125.12 1 9
github.com/containrrr/shoutrrr/pkg/plugins/smtp/smtp_config.go:108.21,109.29 1 2
github.com/containrrr/shoutrrr/pkg/plugins/smtp/smtp_config.go:110.18,111.26 1 1
github.com/containrrr/shoutrrr/pkg/plugins/smtp/smtp_config.go:112.21,113.49 1 2
github.com/containrrr/shoutrrr/pkg/plugins/smtp/smtp_config.go:114.14,115.33 1 1
github.com/containrrr/shoutrrr/pkg/plugins/smtp/smtp_config.go:116.17,117.25 1 1
github.com/containrrr/shoutrrr/pkg/plugins/smtp/smtp_config.go:118.18,119.53 1 1
github.com/containrrr/shoutrrr/pkg/plugins/smtp/smtp_config.go:120.17,121.50 1 1
github.com/containrrr/shoutrrr/pkg/plugins/smtp/smtp_config.go:122.10,123.53 1 0
github.com/containrrr/shoutrrr/pkg/plugins/smtp/smtp_config.go:129.73,135.2 3 0
github.com/containrrr/shoutrrr/pkg/plugins/smtp/smtp_config.go:137.62,141.2 1 0
github.com/containrrr/shoutrrr/pkg/plugins/smtp/smtp_config.go:168.36,170.2 1 1
github.com/containrrr/shoutrrr/pkg/plugins/smtp/smtp_config.go:172.35,174.2 1 1
github.com/containrrr/shoutrrr/pkg/plugins/smtp/smtp.go:23.94,27.16 4 0
github.com/containrrr/shoutrrr/pkg/plugins/smtp/smtp.go:31.2,31.32 1 0
github.com/containrrr/shoutrrr/pkg/plugins/smtp/smtp.go:27.16,29.3 1 0
github.com/containrrr/shoutrrr/pkg/plugins/smtp/smtp.go:34.55,36.2 1 0
github.com/containrrr/shoutrrr/pkg/plugins/smtp/smtp.go:38.78,40.16 2 0
github.com/containrrr/shoutrrr/pkg/plugins/smtp/smtp.go:43.2,43.41 1 0
github.com/containrrr/shoutrrr/pkg/plugins/smtp/smtp.go:40.16,42.3 1 0
github.com/containrrr/shoutrrr/pkg/plugins/smtp/smtp.go:46.84,48.36 2 0
github.com/containrrr/shoutrrr/pkg/plugins/smtp/smtp.go:53.2,53.29 1 0
github.com/containrrr/shoutrrr/pkg/plugins/smtp/smtp.go:48.36,49.20 1 0
github.com/containrrr/shoutrrr/pkg/plugins/smtp/smtp.go:49.20,51.4 1 0
github.com/containrrr/shoutrrr/pkg/plugins/smtp/smtp.go:58.51,60.47 1 0
github.com/containrrr/shoutrrr/pkg/plugins/smtp/smtp.go:127.2,127.12 1 0
github.com/containrrr/shoutrrr/pkg/plugins/smtp/smtp.go:60.47,63.17 2 0
github.com/containrrr/shoutrrr/pkg/plugins/smtp/smtp.go:67.3,67.25 1 0
github.com/containrrr/shoutrrr/pkg/plugins/smtp/smtp.go:75.3,75.47 1 0
github.com/containrrr/shoutrrr/pkg/plugins/smtp/smtp.go:85.3,85.57 1 0
github.com/containrrr/shoutrrr/pkg/plugins/smtp/smtp.go:88.3,88.48 1 0
github.com/containrrr/shoutrrr/pkg/plugins/smtp/smtp.go:93.3,94.17 2 0
github.com/containrrr/shoutrrr/pkg/plugins/smtp/smtp.go:98.3,104.18 1 0
github.com/containrrr/shoutrrr/pkg/plugins/smtp/smtp.go:108.3,108.52 1 0
github.com/containrrr/shoutrrr/pkg/plugins/smtp/smtp.go:112.3,112.35 1 0
github.com/containrrr/shoutrrr/pkg/plugins/smtp/smtp.go:117.3,118.17 2 0
github.com/containrrr/shoutrrr/pkg/plugins/smtp/smtp.go:122.3,122.14 1 0
github.com/containrrr/shoutrrr/pkg/plugins/smtp/smtp.go:63.17,65.4 1 0
github.com/containrrr/shoutrrr/pkg/plugins/smtp/smtp.go:67.25,70.19 1 0
github.com/containrrr/shoutrrr/pkg/plugins/smtp/smtp.go:70.19,72.5 1 0
github.com/containrrr/shoutrrr/pkg/plugins/smtp/smtp.go:75.47,77.4 1 0
github.com/containrrr/shoutrrr/pkg/plugins/smtp/smtp.go:77.9,77.25 1 0
github.com/containrrr/shoutrrr/pkg/plugins/smtp/smtp.go:77.25,78.44 1 0
github.com/containrrr/shoutrrr/pkg/plugins/smtp/smtp.go:78.44,80.5 1 0
github.com/containrrr/shoutrrr/pkg/plugins/smtp/smtp.go:85.57,87.4 1 0
github.com/containrrr/shoutrrr/pkg/plugins/smtp/smtp.go:88.48,90.4 1 0
github.com/containrrr/shoutrrr/pkg/plugins/smtp/smtp.go:94.17,96.4 1 0
github.com/containrrr/shoutrrr/pkg/plugins/smtp/smtp.go:104.18,106.4 1 0
github.com/containrrr/shoutrrr/pkg/plugins/smtp/smtp.go:108.52,110.4 1 0
github.com/containrrr/shoutrrr/pkg/plugins/smtp/smtp.go:112.35,114.4 1 0
github.com/containrrr/shoutrrr/pkg/plugins/smtp/smtp.go:118.17,120.4 1 0
github.com/containrrr/shoutrrr/pkg/plugins/smtp/smtp.go:122.14,124.4 1 0
github.com/containrrr/shoutrrr/pkg/plugins/smtp/smtp.go:130.49,132.22 1 0
github.com/containrrr/shoutrrr/pkg/plugins/smtp/smtp.go:133.19,134.20 1 0
github.com/containrrr/shoutrrr/pkg/plugins/smtp/smtp.go:135.20,136.82 1 0
github.com/containrrr/shoutrrr/pkg/plugins/smtp/smtp.go:137.22,138.67 1 0
github.com/containrrr/shoutrrr/pkg/plugins/smtp/smtp.go:139.12,140.86 1 0
github.com/containrrr/shoutrrr/pkg/plugins/smtp/smtp.go:145.72,146.32 1 0
github.com/containrrr/shoutrrr/pkg/plugins/smtp/smtp.go:152.2,153.12 2 0
github.com/containrrr/shoutrrr/pkg/plugins/smtp/smtp.go:146.32,147.67 1 0
github.com/containrrr/shoutrrr/pkg/plugins/smtp/smtp.go:147.67,149.4 1 0
